{"C:\\Users\\Usuario\\Desktop\\projects\\test crud\\backend\\src\\database.js": {"path":"C:\\Users\\Usuario\\Desktop\\projects\\test crud\\backend\\src\\database.js","statementMap":{"0":{"start":{"line":1,"column":22},"end":{"line":1,"column":42}},"1":{"start":{"line":2,"column":18},"end":{"line":5,"column":2}},"2":{"start":{"line":6,"column":0},"end":{"line":6,"column":27}}},"fnMap":{},"branchMap":{},"s":{"0":1,"1":1,"2":1},"f":{},"b":{},"_coverageSchema":"1a1c01bbd47fc00a2c39e90264f33305004495a9","hash":"ac0695609cde1b56ff161f4a0de3d2ac5ee9b566"}
,"C:\\Users\\Usuario\\Desktop\\projects\\test crud\\backend\\src\\index.js": {"path":"C:\\Users\\Usuario\\Desktop\\projects\\test crud\\backend\\src\\index.js","statementMap":{"0":{"start":{"line":1,"column":16},"end":{"line":1,"column":34}},"1":{"start":{"line":2,"column":13},"end":{"line":2,"column":28}},"2":{"start":{"line":3,"column":12},"end":{"line":3,"column":21}},"3":{"start":{"line":5,"column":0},"end":{"line":5,"column":22}},"4":{"start":{"line":8,"column":0},"end":{"line":8,"column":42}},"5":{"start":{"line":11,"column":0},"end":{"line":11,"column":24}},"6":{"start":{"line":12,"column":0},"end":{"line":12,"column":16}},"7":{"start":{"line":15,"column":0},"end":{"line":15,"column":43}},"8":{"start":{"line":17,"column":0},"end":{"line":17,"column":28}},"9":{"start":{"line":19,"column":0},"end":{"line":19,"column":21}}},"fnMap":{},"branchMap":{"0":{"loc":{"start":{"line":8,"column":16},"end":{"line":8,"column":40}},"type":"binary-expr","locations":[{"start":{"line":8,"column":16},"end":{"line":8,"column":32}},{"start":{"line":8,"column":36},"end":{"line":8,"column":40}}],"line":8}},"s":{"0":1,"1":1,"2":1,"3":1,"4":1,"5":1,"6":1,"7":1,"8":1,"9":1},"f":{},"b":{"0":[1,1]},"_coverageSchema":"1a1c01bbd47fc00a2c39e90264f33305004495a9","hash":"45d233f24633ad68340bc13a78a0c690749439c7"}
,"C:\\Users\\Usuario\\Desktop\\projects\\test crud\\backend\\src\\controllers\\posts.js": {"path":"C:\\Users\\Usuario\\Desktop\\projects\\test crud\\backend\\src\\controllers\\posts.js","statementMap":{"0":{"start":{"line":1,"column":18},"end":{"line":1,"column":38}},"1":{"start":{"line":3,"column":14},"end":{"line":3,"column":40}},"2":{"start":{"line":4,"column":14},"end":{"line":4,"column":40}},"3":{"start":{"line":5,"column":16},"end":{"line":5,"column":44}},"4":{"start":{"line":6,"column":16},"end":{"line":6,"column":44}},"5":{"start":{"line":7,"column":20},"end":{"line":7,"column":47}},"6":{"start":{"line":8,"column":0},"end":{"line":120,"column":2}},"7":{"start":{"line":10,"column":22},"end":{"line":32,"column":9}},"8":{"start":{"line":33,"column":8},"end":{"line":37,"column":9}},"9":{"start":{"line":34,"column":12},"end":{"line":36,"column":14}},"10":{"start":{"line":38,"column":20},"end":{"line":38,"column":46}},"11":{"start":{"line":39,"column":8},"end":{"line":39,"column":51}},"12":{"start":{"line":39,"column":36},"end":{"line":39,"column":49}},"13":{"start":{"line":40,"column":8},"end":{"line":47,"column":11}},"14":{"start":{"line":41,"column":22},"end":{"line":41,"column":23}},"15":{"start":{"line":42,"column":12},"end":{"line":44,"column":15}},"16":{"start":{"line":43,"column":16},"end":{"line":43,"column":32}},"17":{"start":{"line":45,"column":12},"end":{"line":45,"column":47}},"18":{"start":{"line":46,"column":12},"end":{"line":46,"column":21}},"19":{"start":{"line":48,"column":8},"end":{"line":48,"column":56}},"20":{"start":{"line":51,"column":22},"end":{"line":74,"column":9}},"21":{"start":{"line":75,"column":8},"end":{"line":79,"column":9}},"22":{"start":{"line":76,"column":12},"end":{"line":78,"column":14}},"23":{"start":{"line":81,"column":19},"end":{"line":81,"column":45}},"24":{"start":{"line":83,"column":8},"end":{"line":83,"column":29}},"25":{"start":{"line":85,"column":18},"end":{"line":85,"column":19}},"26":{"start":{"line":86,"column":8},"end":{"line":88,"column":11}},"27":{"start":{"line":87,"column":12},"end":{"line":87,"column":28}},"28":{"start":{"line":89,"column":8},"end":{"line":89,"column":49}},"29":{"start":{"line":91,"column":8},"end":{"line":91,"column":55}},"30":{"start":{"line":94,"column":8},"end":{"line":94,"column":37}},"31":{"start":{"line":96,"column":8},"end":{"line":98,"column":10}},"32":{"start":{"line":101,"column":8},"end":{"line":108,"column":10}},"33":{"start":{"line":110,"column":8},"end":{"line":112,"column":10}},"34":{"start":{"line":115,"column":8},"end":{"line":115,"column":62}},"35":{"start":{"line":116,"column":8},"end":{"line":118,"column":10}}},"fnMap":{"0":{"name":"(anonymous_0)","decl":{"start":{"line":9,"column":12},"end":{"line":9,"column":13}},"loc":{"start":{"line":9,"column":32},"end":{"line":49,"column":5}},"line":9},"1":{"name":"(anonymous_1)","decl":{"start":{"line":39,"column":26},"end":{"line":39,"column":27}},"loc":{"start":{"line":39,"column":36},"end":{"line":39,"column":49}},"line":39},"2":{"name":"(anonymous_2)","decl":{"start":{"line":40,"column":18},"end":{"line":40,"column":19}},"loc":{"start":{"line":40,"column":25},"end":{"line":47,"column":9}},"line":40},"3":{"name":"(anonymous_3)","decl":{"start":{"line":42,"column":26},"end":{"line":42,"column":27}},"loc":{"start":{"line":42,"column":33},"end":{"line":44,"column":13}},"line":42},"4":{"name":"(anonymous_4)","decl":{"start":{"line":50,"column":12},"end":{"line":50,"column":13}},"loc":{"start":{"line":50,"column":32},"end":{"line":92,"column":5}},"line":50},"5":{"name":"(anonymous_5)","decl":{"start":{"line":86,"column":25},"end":{"line":86,"column":26}},"loc":{"start":{"line":86,"column":32},"end":{"line":88,"column":9}},"line":86},"6":{"name":"(anonymous_6)","decl":{"start":{"line":93,"column":9},"end":{"line":93,"column":10}},"loc":{"start":{"line":93,"column":29},"end":{"line":99,"column":5}},"line":93},"7":{"name":"(anonymous_7)","decl":{"start":{"line":100,"column":12},"end":{"line":100,"column":13}},"loc":{"start":{"line":100,"column":32},"end":{"line":113,"column":5}},"line":100},"8":{"name":"(anonymous_8)","decl":{"start":{"line":114,"column":12},"end":{"line":114,"column":13}},"loc":{"start":{"line":114,"column":32},"end":{"line":119,"column":5}},"line":114}},"branchMap":{"0":{"loc":{"start":{"line":33,"column":8},"end":{"line":37,"column":9}},"type":"if","locations":[{"start":{"line":33,"column":8},"end":{"line":37,"column":9}},{"start":{},"end":{}}],"line":33},"1":{"loc":{"start":{"line":33,"column":12},"end":{"line":33,"column":52}},"type":"binary-expr","locations":[{"start":{"line":33,"column":12},"end":{"line":33,"column":31}},{"start":{"line":33,"column":35},"end":{"line":33,"column":52}}],"line":33},"2":{"loc":{"start":{"line":75,"column":8},"end":{"line":79,"column":9}},"type":"if","locations":[{"start":{"line":75,"column":8},"end":{"line":79,"column":9}},{"start":{},"end":{}}],"line":75},"3":{"loc":{"start":{"line":75,"column":12},"end":{"line":75,"column":52}},"type":"binary-expr","locations":[{"start":{"line":75,"column":12},"end":{"line":75,"column":31}},{"start":{"line":75,"column":35},"end":{"line":75,"column":52}}],"line":75}},"s":{"0":1,"1":1,"2":1,"3":1,"4":1,"5":1,"6":1,"7":0,"8":0,"9":0,"10":0,"11":0,"12":0,"13":0,"14":0,"15":0,"16":0,"17":0,"18":0,"19":0,"20":0,"21":0,"22":0,"23":0,"24":0,"25":0,"26":0,"27":0,"28":0,"29":0,"30":0,"31":0,"32":0,"33":0,"34":0,"35":0},"f":{"0":0,"1":0,"2":0,"3":0,"4":0,"5":0,"6":0,"7":0,"8":0},"b":{"0":[0,0],"1":[0,0],"2":[0,0],"3":[0,0]},"_coverageSchema":"1a1c01bbd47fc00a2c39e90264f33305004495a9","hash":"10612ed762f0f572182a1b141d332ef78e774aa1"}
,"C:\\Users\\Usuario\\Desktop\\projects\\test crud\\backend\\src\\controllers\\ratings.js": {"path":"C:\\Users\\Usuario\\Desktop\\projects\\test crud\\backend\\src\\controllers\\ratings.js","statementMap":{"0":{"start":{"line":1,"column":16},"end":{"line":1,"column":44}},"1":{"start":{"line":2,"column":20},"end":{"line":2,"column":47}},"2":{"start":{"line":3,"column":0},"end":{"line":28,"column":2}},"3":{"start":{"line":5,"column":8},"end":{"line":9,"column":9}},"4":{"start":{"line":6,"column":12},"end":{"line":8,"column":14}},"5":{"start":{"line":10,"column":8},"end":{"line":10,"column":39}},"6":{"start":{"line":12,"column":8},"end":{"line":14,"column":10}},"7":{"start":{"line":17,"column":8},"end":{"line":23,"column":11}},"8":{"start":{"line":24,"column":8},"end":{"line":26,"column":10}}},"fnMap":{"0":{"name":"(anonymous_0)","decl":{"start":{"line":4,"column":9},"end":{"line":4,"column":10}},"loc":{"start":{"line":4,"column":29},"end":{"line":15,"column":5}},"line":4},"1":{"name":"(anonymous_1)","decl":{"start":{"line":16,"column":12},"end":{"line":16,"column":13}},"loc":{"start":{"line":16,"column":32},"end":{"line":27,"column":5}},"line":16}},"branchMap":{"0":{"loc":{"start":{"line":5,"column":8},"end":{"line":9,"column":9}},"type":"if","locations":[{"start":{"line":5,"column":8},"end":{"line":9,"column":9}},{"start":{},"end":{}}],"line":5},"1":{"loc":{"start":{"line":5,"column":12},"end":{"line":5,"column":56}},"type":"binary-expr","locations":[{"start":{"line":5,"column":12},"end":{"line":5,"column":32}},{"start":{"line":5,"column":36},"end":{"line":5,"column":56}}],"line":5}},"s":{"0":1,"1":1,"2":1,"3":0,"4":0,"5":0,"6":0,"7":0,"8":0},"f":{"0":0,"1":0},"b":{"0":[0,0],"1":[0,0]},"_coverageSchema":"1a1c01bbd47fc00a2c39e90264f33305004495a9","hash":"66b3ba1ab45cb5c8f08702d8ccacac532fec7523"}
,"C:\\Users\\Usuario\\Desktop\\projects\\test crud\\backend\\src\\controllers\\reviews.js": {"path":"C:\\Users\\Usuario\\Desktop\\projects\\test crud\\backend\\src\\controllers\\reviews.js","statementMap":{"0":{"start":{"line":1,"column":16},"end":{"line":1,"column":44}},"1":{"start":{"line":2,"column":20},"end":{"line":2,"column":47}},"2":{"start":{"line":3,"column":0},"end":{"line":41,"column":2}},"3":{"start":{"line":5,"column":8},"end":{"line":5,"column":39}},"4":{"start":{"line":7,"column":8},"end":{"line":9,"column":10}},"5":{"start":{"line":12,"column":8},"end":{"line":23,"column":10}},"6":{"start":{"line":25,"column":8},"end":{"line":27,"column":10}},"7":{"start":{"line":30,"column":8},"end":{"line":36,"column":11}},"8":{"start":{"line":37,"column":8},"end":{"line":39,"column":10}}},"fnMap":{"0":{"name":"(anonymous_0)","decl":{"start":{"line":4,"column":9},"end":{"line":4,"column":10}},"loc":{"start":{"line":4,"column":29},"end":{"line":10,"column":5}},"line":4},"1":{"name":"(anonymous_1)","decl":{"start":{"line":11,"column":12},"end":{"line":11,"column":13}},"loc":{"start":{"line":11,"column":32},"end":{"line":28,"column":5}},"line":11},"2":{"name":"(anonymous_2)","decl":{"start":{"line":29,"column":12},"end":{"line":29,"column":13}},"loc":{"start":{"line":29,"column":32},"end":{"line":40,"column":5}},"line":29}},"branchMap":{},"s":{"0":1,"1":1,"2":1,"3":0,"4":0,"5":0,"6":0,"7":0,"8":0},"f":{"0":0,"1":0,"2":0},"b":{},"_coverageSchema":"1a1c01bbd47fc00a2c39e90264f33305004495a9","hash":"a1e84d22c9abbadc9cc4aaa86874696fd113c217"}
,"C:\\Users\\Usuario\\Desktop\\projects\\test crud\\backend\\src\\controllers\\users.js": {"path":"C:\\Users\\Usuario\\Desktop\\projects\\test crud\\backend\\src\\controllers\\users.js","statementMap":{"0":{"start":{"line":1,"column":14},"end":{"line":1,"column":40}},"1":{"start":{"line":2,"column":15},"end":{"line":2,"column":34}},"2":{"start":{"line":3,"column":12},"end":{"line":3,"column":35}},"3":{"start":{"line":4,"column":20},"end":{"line":4,"column":47}},"4":{"start":{"line":5,"column":0},"end":{"line":78,"column":2}},"5":{"start":{"line":7,"column":19},"end":{"line":7,"column":76}},"6":{"start":{"line":8,"column":8},"end":{"line":30,"column":9}},"7":{"start":{"line":9,"column":28},"end":{"line":12,"column":13}},"8":{"start":{"line":13,"column":12},"end":{"line":25,"column":13}},"9":{"start":{"line":14,"column":16},"end":{"line":14,"column":37}},"10":{"start":{"line":15,"column":30},"end":{"line":15,"column":70}},"11":{"start":{"line":16,"column":16},"end":{"line":16,"column":35}},"12":{"start":{"line":17,"column":16},"end":{"line":17,"column":37}},"13":{"start":{"line":18,"column":16},"end":{"line":20,"column":18}},"14":{"start":{"line":22,"column":16},"end":{"line":24,"column":18}},"15":{"start":{"line":27,"column":12},"end":{"line":29,"column":14}},"16":{"start":{"line":33,"column":22},"end":{"line":35,"column":10}},"17":{"start":{"line":37,"column":8},"end":{"line":37,"column":36}},"18":{"start":{"line":40,"column":21},"end":{"line":40,"column":78}},"19":{"start":{"line":41,"column":8},"end":{"line":48,"column":9}},"20":{"start":{"line":42,"column":12},"end":{"line":42,"column":76}},"21":{"start":{"line":44,"column":25},"end":{"line":44,"column":48}},"22":{"start":{"line":45,"column":25},"end":{"line":45,"column":67}},"23":{"start":{"line":46,"column":12},"end":{"line":46,"column":37}},"24":{"start":{"line":47,"column":12},"end":{"line":47,"column":41}},"25":{"start":{"line":50,"column":8},"end":{"line":52,"column":10}},"26":{"start":{"line":55,"column":21},"end":{"line":55,"column":44}},"27":{"start":{"line":56,"column":21},"end":{"line":56,"column":63}},"28":{"start":{"line":57,"column":8},"end":{"line":57,"column":33}},"29":{"start":{"line":58,"column":8},"end":{"line":66,"column":10}},"30":{"start":{"line":68,"column":8},"end":{"line":70,"column":10}},"31":{"start":{"line":73,"column":8},"end":{"line":73,"column":56}},"32":{"start":{"line":74,"column":8},"end":{"line":76,"column":10}}},"fnMap":{"0":{"name":"(anonymous_0)","decl":{"start":{"line":6,"column":11},"end":{"line":6,"column":12}},"loc":{"start":{"line":6,"column":31},"end":{"line":31,"column":5}},"line":6},"1":{"name":"(anonymous_1)","decl":{"start":{"line":32,"column":12},"end":{"line":32,"column":13}},"loc":{"start":{"line":32,"column":32},"end":{"line":38,"column":5}},"line":32},"2":{"name":"(anonymous_2)","decl":{"start":{"line":39,"column":9},"end":{"line":39,"column":10}},"loc":{"start":{"line":39,"column":29},"end":{"line":53,"column":5}},"line":39},"3":{"name":"(anonymous_3)","decl":{"start":{"line":54,"column":12},"end":{"line":54,"column":13}},"loc":{"start":{"line":54,"column":32},"end":{"line":71,"column":5}},"line":54},"4":{"name":"(anonymous_4)","decl":{"start":{"line":72,"column":12},"end":{"line":72,"column":13}},"loc":{"start":{"line":72,"column":32},"end":{"line":77,"column":5}},"line":72}},"branchMap":{"0":{"loc":{"start":{"line":8,"column":8},"end":{"line":30,"column":9}},"type":"if","locations":[{"start":{"line":8,"column":8},"end":{"line":30,"column":9}},{"start":{"line":26,"column":15},"end":{"line":30,"column":9}}],"line":8},"1":{"loc":{"start":{"line":13,"column":12},"end":{"line":25,"column":13}},"type":"if","locations":[{"start":{"line":13,"column":12},"end":{"line":25,"column":13}},{"start":{"line":21,"column":19},"end":{"line":25,"column":13}}],"line":13},"2":{"loc":{"start":{"line":41,"column":8},"end":{"line":48,"column":9}},"type":"if","locations":[{"start":{"line":41,"column":8},"end":{"line":48,"column":9}},{"start":{"line":43,"column":15},"end":{"line":48,"column":9}}],"line":41}},"s":{"0":1,"1":1,"2":1,"3":1,"4":1,"5":1,"6":1,"7":1,"8":1,"9":1,"10":1,"11":1,"12":1,"13":1,"14":0,"15":0,"16":0,"17":0,"18":0,"19":0,"20":0,"21":0,"22":0,"23":0,"24":0,"25":0,"26":0,"27":0,"28":0,"29":0,"30":0,"31":0,"32":0},"f":{"0":1,"1":0,"2":0,"3":0,"4":0},"b":{"0":[1,0],"1":[1,0],"2":[0,0]},"_coverageSchema":"1a1c01bbd47fc00a2c39e90264f33305004495a9","hash":"0c8843c67da27a7a50dde826b04c68585075131a"}
,"C:\\Users\\Usuario\\Desktop\\projects\\test crud\\backend\\src\\middlewares\\verifyToken.js": {"path":"C:\\Users\\Usuario\\Desktop\\projects\\test crud\\backend\\src\\middlewares\\verifyToken.js","statementMap":{"0":{"start":{"line":1,"column":12},"end":{"line":1,"column":35}},"1":{"start":{"line":3,"column":23},"end":{"line":3,"column":48}},"2":{"start":{"line":5,"column":4},"end":{"line":23,"column":5}},"3":{"start":{"line":6,"column":22},"end":{"line":6,"column":46}},"4":{"start":{"line":8,"column":8},"end":{"line":20,"column":11}},"5":{"start":{"line":9,"column":12},"end":{"line":11,"column":13}},"6":{"start":{"line":10,"column":16},"end":{"line":10,"column":43}},"7":{"start":{"line":13,"column":12},"end":{"line":19,"column":13}},"8":{"start":{"line":14,"column":16},"end":{"line":14,"column":32}},"9":{"start":{"line":16,"column":16},"end":{"line":16,"column":23}},"10":{"start":{"line":18,"column":16},"end":{"line":18,"column":43}},"11":{"start":{"line":22,"column":8},"end":{"line":22,"column":28}},"12":{"start":{"line":26,"column":23},"end":{"line":26,"column":48}},"13":{"start":{"line":28,"column":4},"end":{"line":46,"column":5}},"14":{"start":{"line":29,"column":22},"end":{"line":29,"column":46}},"15":{"start":{"line":31,"column":8},"end":{"line":43,"column":11}},"16":{"start":{"line":32,"column":12},"end":{"line":34,"column":13}},"17":{"start":{"line":33,"column":16},"end":{"line":33,"column":43}},"18":{"start":{"line":36,"column":12},"end":{"line":42,"column":13}},"19":{"start":{"line":37,"column":16},"end":{"line":37,"column":32}},"20":{"start":{"line":39,"column":16},"end":{"line":39,"column":23}},"21":{"start":{"line":41,"column":16},"end":{"line":41,"column":43}},"22":{"start":{"line":45,"column":8},"end":{"line":45,"column":28}},"23":{"start":{"line":49,"column":0},"end":{"line":49,"column":61}}},"fnMap":{"0":{"name":"verifyTokenAdmin","decl":{"start":{"line":2,"column":9},"end":{"line":2,"column":25}},"loc":{"start":{"line":2,"column":42},"end":{"line":24,"column":1}},"line":2},"1":{"name":"(anonymous_1)","decl":{"start":{"line":8,"column":45},"end":{"line":8,"column":46}},"loc":{"start":{"line":8,"column":60},"end":{"line":20,"column":9}},"line":8},"2":{"name":"verifyTokenSupervisor","decl":{"start":{"line":25,"column":9},"end":{"line":25,"column":30}},"loc":{"start":{"line":25,"column":47},"end":{"line":47,"column":1}},"line":25},"3":{"name":"(anonymous_3)","decl":{"start":{"line":31,"column":45},"end":{"line":31,"column":46}},"loc":{"start":{"line":31,"column":60},"end":{"line":43,"column":9}},"line":31}},"branchMap":{"0":{"loc":{"start":{"line":5,"column":4},"end":{"line":23,"column":5}},"type":"if","locations":[{"start":{"line":5,"column":4},"end":{"line":23,"column":5}},{"start":{"line":21,"column":11},"end":{"line":23,"column":5}}],"line":5},"1":{"loc":{"start":{"line":9,"column":12},"end":{"line":11,"column":13}},"type":"if","locations":[{"start":{"line":9,"column":12},"end":{"line":11,"column":13}},{"start":{},"end":{}}],"line":9},"2":{"loc":{"start":{"line":13,"column":12},"end":{"line":19,"column":13}},"type":"if","locations":[{"start":{"line":13,"column":12},"end":{"line":19,"column":13}},{"start":{"line":17,"column":19},"end":{"line":19,"column":13}}],"line":13},"3":{"loc":{"start":{"line":28,"column":4},"end":{"line":46,"column":5}},"type":"if","locations":[{"start":{"line":28,"column":4},"end":{"line":46,"column":5}},{"start":{"line":44,"column":11},"end":{"line":46,"column":5}}],"line":28},"4":{"loc":{"start":{"line":32,"column":12},"end":{"line":34,"column":13}},"type":"if","locations":[{"start":{"line":32,"column":12},"end":{"line":34,"column":13}},{"start":{},"end":{}}],"line":32},"5":{"loc":{"start":{"line":36,"column":12},"end":{"line":42,"column":13}},"type":"if","locations":[{"start":{"line":36,"column":12},"end":{"line":42,"column":13}},{"start":{"line":40,"column":19},"end":{"line":42,"column":13}}],"line":36}},"s":{"0":1,"1":0,"2":0,"3":0,"4":0,"5":0,"6":0,"7":0,"8":0,"9":0,"10":0,"11":0,"12":0,"13":0,"14":0,"15":0,"16":0,"17":0,"18":0,"19":0,"20":0,"21":0,"22":0,"23":1},"f":{"0":0,"1":0,"2":0,"3":0},"b":{"0":[0,0],"1":[0,0],"2":[0,0],"3":[0,0],"4":[0,0],"5":[0,0]},"_coverageSchema":"1a1c01bbd47fc00a2c39e90264f33305004495a9","hash":"0947d0a225d80e5b99a9294d38bcf1323ce4939d"}
,"C:\\Users\\Usuario\\Desktop\\projects\\test crud\\backend\\src\\models\\posts.js": {"path":"C:\\Users\\Usuario\\Desktop\\projects\\test crud\\backend\\src\\models\\posts.js","statementMap":{"0":{"start":{"line":1,"column":22},"end":{"line":1,"column":42}},"1":{"start":{"line":2,"column":18},"end":{"line":2,"column":40}},"2":{"start":{"line":3,"column":14},"end":{"line":3,"column":32}},"3":{"start":{"line":5,"column":14},"end":{"line":13,"column":2}},"4":{"start":{"line":15,"column":0},"end":{"line":15,"column":48}},"5":{"start":{"line":16,"column":0},"end":{"line":16,"column":45}},"6":{"start":{"line":18,"column":0},"end":{"line":18,"column":23}}},"fnMap":{},"branchMap":{},"s":{"0":1,"1":1,"2":1,"3":1,"4":1,"5":1,"6":1},"f":{},"b":{},"_coverageSchema":"1a1c01bbd47fc00a2c39e90264f33305004495a9","hash":"cdd489a532a97cc636a14fd3a3cf521a6113b2c1"}
,"C:\\Users\\Usuario\\Desktop\\projects\\test crud\\backend\\src\\models\\ratings.js": {"path":"C:\\Users\\Usuario\\Desktop\\projects\\test crud\\backend\\src\\models\\ratings.js","statementMap":{"0":{"start":{"line":1,"column":22},"end":{"line":1,"column":42}},"1":{"start":{"line":2,"column":18},"end":{"line":2,"column":40}},"2":{"start":{"line":3,"column":14},"end":{"line":3,"column":32}},"3":{"start":{"line":4,"column":14},"end":{"line":4,"column":32}},"4":{"start":{"line":6,"column":16},"end":{"line":17,"column":2}},"5":{"start":{"line":19,"column":0},"end":{"line":19,"column":50}},"6":{"start":{"line":20,"column":0},"end":{"line":20,"column":47}},"7":{"start":{"line":22,"column":0},"end":{"line":22,"column":50}},"8":{"start":{"line":23,"column":0},"end":{"line":23,"column":47}},"9":{"start":{"line":24,"column":0},"end":{"line":24,"column":25}}},"fnMap":{},"branchMap":{},"s":{"0":1,"1":1,"2":1,"3":1,"4":1,"5":1,"6":1,"7":1,"8":1,"9":1},"f":{},"b":{},"_coverageSchema":"1a1c01bbd47fc00a2c39e90264f33305004495a9","hash":"ec411fce53c7652cf300ac992175cc429aea3f9c"}
,"C:\\Users\\Usuario\\Desktop\\projects\\test crud\\backend\\src\\models\\reviews.js": {"path":"C:\\Users\\Usuario\\Desktop\\projects\\test crud\\backend\\src\\models\\reviews.js","statementMap":{"0":{"start":{"line":1,"column":22},"end":{"line":1,"column":42}},"1":{"start":{"line":2,"column":18},"end":{"line":2,"column":40}},"2":{"start":{"line":3,"column":14},"end":{"line":3,"column":32}},"3":{"start":{"line":4,"column":14},"end":{"line":4,"column":32}},"4":{"start":{"line":6,"column":16},"end":{"line":17,"column":2}},"5":{"start":{"line":19,"column":0},"end":{"line":19,"column":50}},"6":{"start":{"line":20,"column":0},"end":{"line":20,"column":47}},"7":{"start":{"line":22,"column":0},"end":{"line":22,"column":50}},"8":{"start":{"line":23,"column":0},"end":{"line":23,"column":47}},"9":{"start":{"line":24,"column":0},"end":{"line":24,"column":25}}},"fnMap":{},"branchMap":{},"s":{"0":1,"1":1,"2":1,"3":1,"4":1,"5":1,"6":1,"7":1,"8":1,"9":1},"f":{},"b":{},"_coverageSchema":"1a1c01bbd47fc00a2c39e90264f33305004495a9","hash":"7bddcb6ce224d955cc0ecb979ecbb79ec989f86d"}
,"C:\\Users\\Usuario\\Desktop\\projects\\test crud\\backend\\src\\models\\users.js": {"path":"C:\\Users\\Usuario\\Desktop\\projects\\test crud\\backend\\src\\models\\users.js","statementMap":{"0":{"start":{"line":1,"column":22},"end":{"line":1,"column":42}},"1":{"start":{"line":2,"column":18},"end":{"line":2,"column":40}},"2":{"start":{"line":4,"column":14},"end":{"line":11,"column":2}},"3":{"start":{"line":13,"column":0},"end":{"line":13,"column":23}}},"fnMap":{},"branchMap":{},"s":{"0":1,"1":1,"2":1,"3":1},"f":{},"b":{},"_coverageSchema":"1a1c01bbd47fc00a2c39e90264f33305004495a9","hash":"c3fa4cc44f67c99377f3d19b5947b74ec9611d64"}
,"C:\\Users\\Usuario\\Desktop\\projects\\test crud\\backend\\src\\routes\\index.js": {"path":"C:\\Users\\Usuario\\Desktop\\projects\\test crud\\backend\\src\\routes\\index.js","statementMap":{"0":{"start":{"line":1,"column":19},"end":{"line":1,"column":37}},"1":{"start":{"line":2,"column":15},"end":{"line":2,"column":23}},"2":{"start":{"line":6,"column":4},"end":{"line":6,"column":41}},"3":{"start":{"line":7,"column":14},"end":{"line":7,"column":32}},"4":{"start":{"line":8,"column":14},"end":{"line":8,"column":32}},"5":{"start":{"line":9,"column":16},"end":{"line":9,"column":36}},"6":{"start":{"line":10,"column":16},"end":{"line":10,"column":36}},"7":{"start":{"line":12,"column":0},"end":{"line":14,"column":3}},"8":{"start":{"line":13,"column":4},"end":{"line":13,"column":21}},"9":{"start":{"line":16,"column":0},"end":{"line":16,"column":28}},"10":{"start":{"line":18,"column":0},"end":{"line":18,"column":28}},"11":{"start":{"line":20,"column":0},"end":{"line":20,"column":32}},"12":{"start":{"line":22,"column":0},"end":{"line":22,"column":32}},"13":{"start":{"line":24,"column":0},"end":{"line":24,"column":24}}},"fnMap":{"0":{"name":"(anonymous_0)","decl":{"start":{"line":12,"column":16},"end":{"line":12,"column":17}},"loc":{"start":{"line":12,"column":36},"end":{"line":14,"column":1}},"line":12}},"branchMap":{},"s":{"0":1,"1":1,"2":1,"3":1,"4":1,"5":1,"6":1,"7":1,"8":0,"9":1,"10":1,"11":1,"12":1,"13":1},"f":{"0":0},"b":{},"_coverageSchema":"1a1c01bbd47fc00a2c39e90264f33305004495a9","hash":"e14990e4b82e8d381ca3394ec8b351389fa01f5f"}
,"C:\\Users\\Usuario\\Desktop\\projects\\test crud\\backend\\src\\routes\\posts.js": {"path":"C:\\Users\\Usuario\\Desktop\\projects\\test crud\\backend\\src\\routes\\posts.js","statementMap":{"0":{"start":{"line":1,"column":19},"end":{"line":1,"column":37}},"1":{"start":{"line":2,"column":15},"end":{"line":2,"column":23}},"2":{"start":{"line":6,"column":4},"end":{"line":6,"column":41}},"3":{"start":{"line":8,"column":14},"end":{"line":8,"column":45}},"4":{"start":{"line":10,"column":0},"end":{"line":10,"column":30}},"5":{"start":{"line":12,"column":0},"end":{"line":12,"column":33}},"6":{"start":{"line":14,"column":0},"end":{"line":14,"column":49}},"7":{"start":{"line":16,"column":0},"end":{"line":16,"column":63}},"8":{"start":{"line":18,"column":0},"end":{"line":18,"column":61}},"9":{"start":{"line":20,"column":0},"end":{"line":20,"column":24}}},"fnMap":{},"branchMap":{},"s":{"0":1,"1":1,"2":1,"3":1,"4":1,"5":1,"6":1,"7":1,"8":1,"9":1},"f":{},"b":{},"_coverageSchema":"1a1c01bbd47fc00a2c39e90264f33305004495a9","hash":"9af6deade01278577d8e633d7ef3e0823a866fc6"}
,"C:\\Users\\Usuario\\Desktop\\projects\\test crud\\backend\\src\\routes\\ratings.js": {"path":"C:\\Users\\Usuario\\Desktop\\projects\\test crud\\backend\\src\\routes\\ratings.js","statementMap":{"0":{"start":{"line":1,"column":19},"end":{"line":1,"column":37}},"1":{"start":{"line":2,"column":15},"end":{"line":2,"column":23}},"2":{"start":{"line":6,"column":4},"end":{"line":6,"column":41}},"3":{"start":{"line":8,"column":16},"end":{"line":8,"column":49}},"4":{"start":{"line":10,"column":0},"end":{"line":10,"column":33}},"5":{"start":{"line":12,"column":0},"end":{"line":12,"column":45}},"6":{"start":{"line":14,"column":0},"end":{"line":14,"column":24}}},"fnMap":{},"branchMap":{},"s":{"0":1,"1":1,"2":1,"3":1,"4":1,"5":1,"6":1},"f":{},"b":{},"_coverageSchema":"1a1c01bbd47fc00a2c39e90264f33305004495a9","hash":"d4f695936f923e459b523e31cf57eee51d60340a"}
,"C:\\Users\\Usuario\\Desktop\\projects\\test crud\\backend\\src\\routes\\reviews.js": {"path":"C:\\Users\\Usuario\\Desktop\\projects\\test crud\\backend\\src\\routes\\reviews.js","statementMap":{"0":{"start":{"line":1,"column":19},"end":{"line":1,"column":37}},"1":{"start":{"line":2,"column":15},"end":{"line":2,"column":23}},"2":{"start":{"line":6,"column":4},"end":{"line":6,"column":41}},"3":{"start":{"line":7,"column":16},"end":{"line":7,"column":49}},"4":{"start":{"line":9,"column":0},"end":{"line":9,"column":33}},"5":{"start":{"line":11,"column":0},"end":{"line":11,"column":42}},"6":{"start":{"line":13,"column":0},"end":{"line":13,"column":45}},"7":{"start":{"line":15,"column":0},"end":{"line":15,"column":24}}},"fnMap":{},"branchMap":{},"s":{"0":1,"1":1,"2":1,"3":1,"4":1,"5":1,"6":1,"7":1},"f":{},"b":{},"_coverageSchema":"1a1c01bbd47fc00a2c39e90264f33305004495a9","hash":"d5ac59aba6f61263d775595fbbae6efe429d81ed"}
,"C:\\Users\\Usuario\\Desktop\\projects\\test crud\\backend\\src\\routes\\users.js": {"path":"C:\\Users\\Usuario\\Desktop\\projects\\test crud\\backend\\src\\routes\\users.js","statementMap":{"0":{"start":{"line":1,"column":19},"end":{"line":1,"column":37}},"1":{"start":{"line":3,"column":15},"end":{"line":3,"column":23}},"2":{"start":{"line":7,"column":4},"end":{"line":7,"column":41}},"3":{"start":{"line":8,"column":14},"end":{"line":8,"column":45}},"4":{"start":{"line":10,"column":0},"end":{"line":10,"column":35}},"5":{"start":{"line":12,"column":0},"end":{"line":12,"column":48}},"6":{"start":{"line":14,"column":0},"end":{"line":14,"column":55}},"7":{"start":{"line":16,"column":0},"end":{"line":16,"column":64}},"8":{"start":{"line":18,"column":0},"end":{"line":18,"column":67}},"9":{"start":{"line":20,"column":0},"end":{"line":20,"column":24}}},"fnMap":{},"branchMap":{},"s":{"0":1,"1":1,"2":1,"3":1,"4":1,"5":1,"6":1,"7":1,"8":1,"9":1},"f":{},"b":{},"_coverageSchema":"1a1c01bbd47fc00a2c39e90264f33305004495a9","hash":"111a783bfaf292143c4f455843bedddf9f1bd666"}
,"C:\\Users\\Usuario\\Desktop\\projects\\test crud\\backend\\src\\utils\\message.js": {"path":"C:\\Users\\Usuario\\Desktop\\projects\\test crud\\backend\\src\\utils\\message.js","statementMap":{"0":{"start":{"line":1,"column":0},"end":{"line":5,"column":2}},"1":{"start":{"line":3,"column":8},"end":{"line":3,"column":40}}},"fnMap":{"0":{"name":"(anonymous_0)","decl":{"start":{"line":2,"column":13},"end":{"line":2,"column":14}},"loc":{"start":{"line":2,"column":39},"end":{"line":4,"column":5}},"line":2}},"branchMap":{},"s":{"0":1,"1":1},"f":{"0":1},"b":{},"_coverageSchema":"1a1c01bbd47fc00a2c39e90264f33305004495a9","hash":"cea9395cf2d538261dace271ff79f38685f38be7"}
}
